<?xml version="1.0" encoding="UTF-8"?>
<coverage generated="1613689182016" clover="3.2.0">
  <project timestamp="1613689182016" name="All files">
    <metrics statements="28" coveredstatements="28" conditionals="8" coveredconditionals="8" methods="6" coveredmethods="6" elements="42" coveredelements="42" complexity="0" loc="28" ncloc="28" packages="3" files="3" classes="3"/>
    <package name="data.use-cases.bling">
      <metrics statements="8" coveredstatements="8" conditionals="2" coveredconditionals="2" methods="2" coveredmethods="2"/>
      <file name="create-order.ts" path="C:\Users\joaop\Desktop\linkapi-test\test\src\data\use-cases\bling\create-order.ts">
        <metrics statements="8" coveredstatements="8" conditionals="2" coveredconditionals="2" methods="2" coveredmethods="2"/>
        <line num="5" count="1" type="stmt"/>
        <line num="7" count="4" type="stmt"/>
        <line num="8" count="4" type="stmt"/>
        <line num="12" count="4" type="stmt"/>
        <line num="27" count="4" type="stmt"/>
        <line num="36" count="4" type="cond" truecount="2" falsecount="0"/>
        <line num="37" count="1" type="stmt"/>
        <line num="39" count="3" type="stmt"/>
      </file>
    </package>
    <package name="presentation.controllers.orders">
      <metrics statements="9" coveredstatements="9" conditionals="2" coveredconditionals="2" methods="2" coveredmethods="2"/>
      <file name="get-order.ts" path="C:\Users\joaop\Desktop\linkapi-test\test\src\presentation\controllers\orders\get-order.ts">
        <metrics statements="9" coveredstatements="9" conditionals="2" coveredconditionals="2" methods="2" coveredmethods="2"/>
        <line num="3" count="1" type="stmt"/>
        <line num="6" count="1" type="stmt"/>
        <line num="7" count="3" type="stmt"/>
        <line num="9" count="3" type="stmt"/>
        <line num="10" count="3" type="stmt"/>
        <line num="11" count="2" type="cond" truecount="2" falsecount="0"/>
        <line num="12" count="1" type="stmt"/>
        <line num="14" count="1" type="stmt"/>
        <line num="16" count="1" type="stmt"/>
      </file>
    </package>
    <package name="presentation.controllers.webhook-pipedrive">
      <metrics statements="11" coveredstatements="11" conditionals="4" coveredconditionals="4" methods="2" coveredmethods="2"/>
      <file name="create-order.ts" path="C:\Users\joaop\Desktop\linkapi-test\test\src\presentation\controllers\webhook-pipedrive\create-order.ts">
        <metrics statements="11" coveredstatements="11" conditionals="4" coveredconditionals="4" methods="2" coveredmethods="2"/>
        <line num="2" count="1" type="stmt"/>
        <line num="6" count="1" type="stmt"/>
        <line num="7" count="7" type="stmt"/>
        <line num="10" count="7" type="stmt"/>
        <line num="11" count="7" type="stmt"/>
        <line num="12" count="7" type="stmt"/>
        <line num="19" count="6" type="cond" truecount="2" falsecount="0"/>
        <line num="20" count="2" type="cond" truecount="2" falsecount="0"/>
        <line num="23" count="4" type="stmt"/>
        <line num="30" count="3" type="stmt"/>
        <line num="32" count="2" type="stmt"/>
      </file>
    </package>
  </project>
</coverage>
