{"C:\\Users\\joaop\\Desktop\\linkapi-test\\test\\src\\data\\use-cases\\bling\\create-order.ts": {"path":"C:\\Users\\joaop\\Desktop\\linkapi-test\\test\\src\\data\\use-cases\\bling\\create-order.ts","statementMap":{"0":{"start":{"line":7,"column":32},"end":{"line":7,"column":56}},"1":{"start":{"line":7,"column":75},"end":{"line":7,"column":91}},"2":{"start":{"line":8,"column":4},"end":{"line":8,"column":null}},"3":{"start":{"line":12,"column":23},"end":{"line":26,"column":6}},"4":{"start":{"line":27,"column":25},"end":{"line":35,"column":6}},"5":{"start":{"line":36,"column":4},"end":{"line":38,"column":null}},"6":{"start":{"line":37,"column":6},"end":{"line":37,"column":null}},"7":{"start":{"line":39,"column":4},"end":{"line":39,"column":null}},"8":{"start":{"line":5,"column":0},"end":{"line":5,"column":13}}},"fnMap":{"0":{"name":"(anonymous_0)","decl":{"start":{"line":7,"column":2},"end":{"line":7,"column":32}},"loc":{"start":{"line":7,"column":91},"end":{"line":9,"column":3}}},"1":{"name":"(anonymous_1)","decl":{"start":{"line":11,"column":2},"end":{"line":11,"column":7}},"loc":{"start":{"line":11,"column":54},"end":{"line":40,"column":3}}}},"branchMap":{"0":{"loc":{"start":{"line":36,"column":4},"end":{"line":38,"column":null}},"type":"if","locations":[{"start":{"line":36,"column":4},"end":{"line":38,"column":null}},{"start":{"line":36,"column":4},"end":{"line":38,"column":null}}]}},"s":{"0":4,"1":4,"2":4,"3":4,"4":4,"5":4,"6":1,"7":3,"8":1},"f":{"0":4,"1":4},"b":{"0":[1,3]}}
,"C:\\Users\\joaop\\Desktop\\linkapi-test\\test\\src\\presentation\\controllers\\orders\\get-order.ts": {"path":"C:\\Users\\joaop\\Desktop\\linkapi-test\\test\\src\\presentation\\controllers\\orders\\get-order.ts","statementMap":{"0":{"start":{"line":3,"column":0},"end":{"line":3,"column":108}},"1":{"start":{"line":7,"column":32},"end":{"line":7,"column":48}},"2":{"start":{"line":9,"column":4},"end":{"line":17,"column":null}},"3":{"start":{"line":10,"column":31},"end":{"line":10,"column":54}},"4":{"start":{"line":11,"column":6},"end":{"line":13,"column":null}},"5":{"start":{"line":12,"column":8},"end":{"line":12,"column":null}},"6":{"start":{"line":14,"column":6},"end":{"line":14,"column":null}},"7":{"start":{"line":16,"column":6},"end":{"line":16,"column":null}},"8":{"start":{"line":6,"column":0},"end":{"line":6,"column":13}}},"fnMap":{"0":{"name":"(anonymous_0)","decl":{"start":{"line":7,"column":2},"end":{"line":7,"column":32}},"loc":{"start":{"line":7,"column":48},"end":{"line":7,"column":52}}},"1":{"name":"(anonymous_1)","decl":{"start":{"line":8,"column":2},"end":{"line":8,"column":7}},"loc":{"start":{"line":8,"column":14},"end":{"line":18,"column":3}}}},"branchMap":{"0":{"loc":{"start":{"line":11,"column":6},"end":{"line":13,"column":null}},"type":"if","locations":[{"start":{"line":11,"column":6},"end":{"line":13,"column":null}},{"start":{"line":11,"column":6},"end":{"line":13,"column":null}}]}},"s":{"0":1,"1":3,"2":3,"3":3,"4":2,"5":1,"6":1,"7":1,"8":1},"f":{"0":3,"1":3},"b":{"0":[1,1]}}
,"C:\\Users\\joaop\\Desktop\\linkapi-test\\test\\src\\presentation\\controllers\\webhook-pipedrive\\create-order.ts": {"path":"C:\\Users\\joaop\\Desktop\\linkapi-test\\test\\src\\presentation\\controllers\\webhook-pipedrive\\create-order.ts","statementMap":{"0":{"start":{"line":2,"column":0},"end":{"line":2,"column":105}},"1":{"start":{"line":7,"column":32},"end":{"line":7,"column":55}},"2":{"start":{"line":7,"column":74},"end":{"line":7,"column":92}},"3":{"start":{"line":10,"column":4},"end":{"line":33,"column":null}},"4":{"start":{"line":11,"column":36},"end":{"line":11,"column":47}},"5":{"start":{"line":12,"column":28},"end":{"line":17,"column":8}},"6":{"start":{"line":19,"column":6},"end":{"line":21,"column":null}},"7":{"start":{"line":20,"column":8},"end":{"line":20,"column":null}},"8":{"start":{"line":23,"column":6},"end":{"line":29,"column":null}},"9":{"start":{"line":30,"column":6},"end":{"line":30,"column":null}},"10":{"start":{"line":32,"column":6},"end":{"line":32,"column":null}},"11":{"start":{"line":6,"column":0},"end":{"line":6,"column":13}}},"fnMap":{"0":{"name":"(anonymous_0)","decl":{"start":{"line":7,"column":2},"end":{"line":7,"column":32}},"loc":{"start":{"line":7,"column":92},"end":{"line":7,"column":96}}},"1":{"name":"(anonymous_1)","decl":{"start":{"line":9,"column":2},"end":{"line":9,"column":7}},"loc":{"start":{"line":9,"column":40},"end":{"line":34,"column":3}}}},"branchMap":{"0":{"loc":{"start":{"line":19,"column":6},"end":{"line":21,"column":null}},"type":"if","locations":[{"start":{"line":19,"column":6},"end":{"line":21,"column":null}},{"start":{"line":19,"column":6},"end":{"line":21,"column":null}}]},"1":{"loc":{"start":{"line":20,"column":35},"end":{"line":20,"column":54}},"type":"binary-expr","locations":[{"start":{"line":20,"column":35},"end":{"line":20,"column":54}},{"start":{"line":20,"column":58},"end":{"line":20,"column":98}}]}},"s":{"0":1,"1":7,"2":7,"3":7,"4":7,"5":7,"6":6,"7":2,"8":4,"9":3,"10":2,"11":1},"f":{"0":7,"1":7},"b":{"0":[2,4],"1":[2,1]}}
}
