TN:
SF:src\data\use-cases\bling\create-order.ts
FN:7,(anonymous_0)
FN:11,(anonymous_1)
FNF:2
FNH:2
FNDA:4,(anonymous_0)
FNDA:4,(anonymous_1)
DA:5,1
DA:7,4
DA:8,4
DA:12,4
DA:27,4
DA:36,4
DA:37,1
DA:39,3
LF:8
LH:8
BRDA:36,0,0,1
BRDA:36,0,1,3
BRF:2
BRH:2
end_of_record
TN:
SF:src\presentation\controllers\orders\get-order.ts
FN:7,(anonymous_0)
FN:8,(anonymous_1)
FNF:2
FNH:2
FNDA:3,(anonymous_0)
FNDA:3,(anonymous_1)
DA:3,1
DA:6,1
DA:7,3
DA:9,3
DA:10,3
DA:11,2
DA:12,1
DA:14,1
DA:16,1
LF:9
LH:9
BRDA:11,0,0,1
BRDA:11,0,1,1
BRF:2
BRH:2
end_of_record
TN:
SF:src\presentation\controllers\webhook-pipedrive\create-order.ts
FN:7,(anonymous_0)
FN:9,(anonymous_1)
FNF:2
FNH:2
FNDA:7,(anonymous_0)
FNDA:7,(anonymous_1)
DA:2,1
DA:6,1
DA:7,7
DA:10,7
DA:11,7
DA:12,7
DA:19,6
DA:20,2
DA:23,4
DA:30,3
DA:32,2
LF:11
LH:11
BRDA:19,0,0,2
BRDA:19,0,1,4
BRDA:20,1,0,2
BRDA:20,1,1,1
BRF:4
BRH:4
end_of_record
